Building DAG of jobs...
Using shell: /bin/bash
Provided cores: 4
Rules claiming more threads will be scaled down.
Job stats:
job                           count    min threads    max threads
--------------------------  -------  -------------  -------------
align                             2              1              1
alignment_processing              2              1              1
alignment_qc                      8              1              1
all                               1              1              1
downsample_bams                   8              1              1
fastqc                            2              1              1
multiqc                           1              1              1
picard_collect_wgs_metrics        4              1              1
total                            28              1              1

Resources before job selection: {'_cores': 4, '_nodes': 9223372036854775807}
Ready jobs (14):
	align
	downsample_bams
	fastqc
	fastqc
	alignment_qc
	alignment_qc
	align
	downsample_bams
	downsample_bams
	alignment_qc
	picard_collect_wgs_metrics
	alignment_qc
	downsample_bams
	picard_collect_wgs_metrics
Select jobs to execute...
Selected jobs (4):
	picard_collect_wgs_metrics
	downsample_bams
	alignment_qc
	align
Resources after job selection: {'_cores': 0, '_nodes': 9223372036854775803}

[Tue Jun  7 09:42:38 2022]
rule picard_collect_wgs_metrics:
    input: test/bam/lib004_dedup.bam
    output: test/qc/lib004_collect_wgs_metrics.txt
    jobid: 32
    wildcards: library_id=lib004
    resources: tmpdir=/tmp


        workflow/scripts/CollectWgsMetrics_wrapper.sh test/bam/lib004_dedup.bam test/inputs/chr8.fa test/qc/lib004_collect_wgs_metrics.txt
        
 singularity  exec --home /home/jeszyman/repos/cfdna-wgs --bind /home/jeszyman:/home/jeszyman --bind /mnt:/mnt /home/jeszyman/sing_containers/biotools.sif bash -c 'set -euo pipefail;  
        workflow/scripts/CollectWgsMetrics_wrapper.sh test/bam/lib004_dedup.bam test/inputs/chr8.fa test/qc/lib004_collect_wgs_metrics.txt'
Activating singularity image /home/jeszyman/sing_containers/biotools.sif

[Tue Jun  7 09:42:38 2022]
rule downsample_bams:
    input: test/bam/lib004_dedup.bam
    output: test/bam/lib004_ds20.bam
    log: test/logs/downsample_bam_lib004_20.err
    jobid: 48
    wildcards: read_id=lib004, milreads=20
    resources: tmpdir=/tmp


        workflow/scripts/downsample_bam.sh test/bam/lib004_dedup.bam 20000000 test/bam/lib004_ds20.bam 2>test/logs/downsample_bam_lib004_20.err
        

[Tue Jun  7 09:42:38 2022]
rule alignment_qc:
    input: test/bam/lib002_raw.bam
    output: test/qc/lib002_raw_samstats.txt, test/qc/lib002_raw_flagstat.txt
    log: test/logs/alignment_qc_lib002_raw.err
    jobid: 36
    wildcards: read_id=lib002, bam_step=raw
    resources: tmpdir=/tmp


        samtools stats test/bam/lib002_raw.bam > test/qc/lib002_raw_samstats.txt 2>test/logs/alignment_qc_lib002_raw.err
        samtools flagstat test/bam/lib002_raw.bam > test/qc/lib002_raw_flagstat.txt 2>>test/logs/alignment_qc_lib002_raw.err
        
 singularity  exec --home /home/jeszyman/repos/cfdna-wgs --bind /home/jeszyman:/home/jeszyman --bind /mnt:/mnt /home/jeszyman/sing_containers/biotools.sif bash -c 'set -euo pipefail;  
        workflow/scripts/downsample_bam.sh test/bam/lib004_dedup.bam 20000000 test/bam/lib004_ds20.bam 2>test/logs/downsample_bam_lib004_20.err'
Activating singularity image /home/jeszyman/sing_containers/biotools.sif

[Tue Jun  7 09:42:38 2022]
rule align:
    input: test/fastq/processed/lib003_proc_R1.fastq.gz, test/fastq/processed/lib003_proc_R2.fastq.gz
    output: test/bam/lib003.sam
    log: test/logs/align_lib003.log
    jobid: 15
    wildcards: read_id=lib003
    resources: tmpdir=/tmp


        bwa mem -M -t 4 test/inputs/chr8 test/fastq/processed/lib003_proc_R1.fastq.gz test/fastq/processed/lib003_proc_R2.fastq.gz > test/bam/lib003.sam
	
 singularity  exec --home /home/jeszyman/repos/cfdna-wgs --bind /home/jeszyman:/home/jeszyman --bind /mnt:/mnt /home/jeszyman/sing_containers/biotools.sif bash -c 'set -euo pipefail;  
        samtools stats test/bam/lib002_raw.bam > test/qc/lib002_raw_samstats.txt 2>test/logs/alignment_qc_lib002_raw.err
        samtools flagstat test/bam/lib002_raw.bam > test/qc/lib002_raw_flagstat.txt 2>>test/logs/alignment_qc_lib002_raw.err'
Activating singularity image /home/jeszyman/sing_containers/biotools.sif
 singularity  exec --home /home/jeszyman/repos/cfdna-wgs --bind /home/jeszyman:/home/jeszyman --bind /mnt:/mnt /home/jeszyman/sing_containers/biotools.sif bash -c 'set -euo pipefail;  
        bwa mem -M -t 4 test/inputs/chr8 test/fastq/processed/lib003_proc_R1.fastq.gz test/fastq/processed/lib003_proc_R2.fastq.gz > test/bam/lib003.sam'
Activating singularity image /home/jeszyman/sing_containers/biotools.sif
[Tue Jun  7 09:42:38 2022]
Finished job 48.
1 of 28 steps (4%) done
Resources before job selection: {'_cores': 1, '_nodes': 9223372036854775804}
Ready jobs (10):
	align
	fastqc
	fastqc
	alignment_qc
	alignment_qc
	downsample_bams
	downsample_bams
	alignment_qc
	downsample_bams
	picard_collect_wgs_metrics
Select jobs to execute...
Selected jobs (1):
	picard_collect_wgs_metrics
Resources after job selection: {'_cores': 0, '_nodes': 9223372036854775803}

[Tue Jun  7 09:42:38 2022]
rule picard_collect_wgs_metrics:
    input: test/bam/lib002_dedup.bam
    output: test/qc/lib002_collect_wgs_metrics.txt
    jobid: 30
    wildcards: library_id=lib002
    resources: tmpdir=/tmp


        workflow/scripts/CollectWgsMetrics_wrapper.sh test/bam/lib002_dedup.bam test/inputs/chr8.fa test/qc/lib002_collect_wgs_metrics.txt
        
 singularity  exec --home /home/jeszyman/repos/cfdna-wgs --bind /home/jeszyman:/home/jeszyman --bind /mnt:/mnt /home/jeszyman/sing_containers/biotools.sif bash -c 'set -euo pipefail;  
        workflow/scripts/CollectWgsMetrics_wrapper.sh test/bam/lib002_dedup.bam test/inputs/chr8.fa test/qc/lib002_collect_wgs_metrics.txt'
Activating singularity image /home/jeszyman/sing_containers/biotools.sif
[Tue Jun  7 09:42:38 2022]
Finished job 36.
2 of 28 steps (7%) done
Resources before job selection: {'_cores': 1, '_nodes': 9223372036854775804}
Ready jobs (9):
	align
	fastqc
	fastqc
	alignment_qc
	alignment_qc
	downsample_bams
	downsample_bams
	alignment_qc
	downsample_bams
Select jobs to execute...
Selected jobs (1):
	downsample_bams
Resources after job selection: {'_cores': 0, '_nodes': 9223372036854775803}

[Tue Jun  7 09:42:38 2022]
rule downsample_bams:
    input: test/bam/lib002_dedup.bam
    output: test/bam/lib002_ds10.bam
    log: test/logs/downsample_bam_lib002_10.err
    jobid: 43
    wildcards: read_id=lib002, milreads=10
    resources: tmpdir=/tmp


        workflow/scripts/downsample_bam.sh test/bam/lib002_dedup.bam 10000000 test/bam/lib002_ds10.bam 2>test/logs/downsample_bam_lib002_10.err
        
 singularity  exec --home /home/jeszyman/repos/cfdna-wgs --bind /home/jeszyman:/home/jeszyman --bind /mnt:/mnt /home/jeszyman/sing_containers/biotools.sif bash -c 'set -euo pipefail;  
        workflow/scripts/downsample_bam.sh test/bam/lib002_dedup.bam 10000000 test/bam/lib002_ds10.bam 2>test/logs/downsample_bam_lib002_10.err'
Activating singularity image /home/jeszyman/sing_containers/biotools.sif
[Tue Jun  7 09:42:38 2022]
Finished job 43.
3 of 28 steps (11%) done
Resources before job selection: {'_cores': 1, '_nodes': 9223372036854775804}
Ready jobs (8):
	align
	fastqc
	fastqc
	alignment_qc
	alignment_qc
	downsample_bams
	downsample_bams
	alignment_qc
Select jobs to execute...
Selected jobs (1):
	alignment_qc
Resources after job selection: {'_cores': 0, '_nodes': 9223372036854775803}

[Tue Jun  7 09:42:38 2022]
rule alignment_qc:
    input: test/bam/lib004_dedup.bam
    output: test/qc/lib004_dedup_samstats.txt, test/qc/lib004_dedup_flagstat.txt
    log: test/logs/alignment_qc_lib004_dedup.err
    jobid: 39
    wildcards: read_id=lib004, bam_step=dedup
    resources: tmpdir=/tmp


        samtools stats test/bam/lib004_dedup.bam > test/qc/lib004_dedup_samstats.txt 2>test/logs/alignment_qc_lib004_dedup.err
        samtools flagstat test/bam/lib004_dedup.bam > test/qc/lib004_dedup_flagstat.txt 2>>test/logs/alignment_qc_lib004_dedup.err
        
 singularity  exec --home /home/jeszyman/repos/cfdna-wgs --bind /home/jeszyman:/home/jeszyman --bind /mnt:/mnt /home/jeszyman/sing_containers/biotools.sif bash -c 'set -euo pipefail;  
        samtools stats test/bam/lib004_dedup.bam > test/qc/lib004_dedup_samstats.txt 2>test/logs/alignment_qc_lib004_dedup.err
        samtools flagstat test/bam/lib004_dedup.bam > test/qc/lib004_dedup_flagstat.txt 2>>test/logs/alignment_qc_lib004_dedup.err'
Activating singularity image /home/jeszyman/sing_containers/biotools.sif
[Tue Jun  7 09:42:39 2022]
Finished job 39.
4 of 28 steps (14%) done
Resources before job selection: {'_cores': 1, '_nodes': 9223372036854775804}
Ready jobs (7):
	align
	fastqc
	fastqc
	alignment_qc
	alignment_qc
	downsample_bams
	downsample_bams
Select jobs to execute...
Selected jobs (1):
	downsample_bams
Resources after job selection: {'_cores': 0, '_nodes': 9223372036854775803}

[Tue Jun  7 09:42:39 2022]
rule downsample_bams:
    input: test/bam/lib004_dedup.bam
    output: test/bam/lib004_ds10.bam
    log: test/logs/downsample_bam_lib004_10.err
    jobid: 47
    wildcards: read_id=lib004, milreads=10
    resources: tmpdir=/tmp


        workflow/scripts/downsample_bam.sh test/bam/lib004_dedup.bam 10000000 test/bam/lib004_ds10.bam 2>test/logs/downsample_bam_lib004_10.err
        
 singularity  exec --home /home/jeszyman/repos/cfdna-wgs --bind /home/jeszyman:/home/jeszyman --bind /mnt:/mnt /home/jeszyman/sing_containers/biotools.sif bash -c 'set -euo pipefail;  
        workflow/scripts/downsample_bam.sh test/bam/lib004_dedup.bam 10000000 test/bam/lib004_ds10.bam 2>test/logs/downsample_bam_lib004_10.err'
Activating singularity image /home/jeszyman/sing_containers/biotools.sif
[Tue Jun  7 09:42:39 2022]
Finished job 47.
5 of 28 steps (18%) done
Resources before job selection: {'_cores': 1, '_nodes': 9223372036854775804}
Ready jobs (6):
	align
	fastqc
	fastqc
	alignment_qc
	alignment_qc
	downsample_bams
Select jobs to execute...
Selected jobs (1):
	downsample_bams
Resources after job selection: {'_cores': 0, '_nodes': 9223372036854775803}

[Tue Jun  7 09:42:40 2022]
rule downsample_bams:
    input: test/bam/lib002_dedup.bam
    output: test/bam/lib002_ds20.bam
    log: test/logs/downsample_bam_lib002_20.err
    jobid: 44
    wildcards: read_id=lib002, milreads=20
    resources: tmpdir=/tmp


        workflow/scripts/downsample_bam.sh test/bam/lib002_dedup.bam 20000000 test/bam/lib002_ds20.bam 2>test/logs/downsample_bam_lib002_20.err
        
 singularity  exec --home /home/jeszyman/repos/cfdna-wgs --bind /home/jeszyman:/home/jeszyman --bind /mnt:/mnt /home/jeszyman/sing_containers/biotools.sif bash -c 'set -euo pipefail;  
        workflow/scripts/downsample_bam.sh test/bam/lib002_dedup.bam 20000000 test/bam/lib002_ds20.bam 2>test/logs/downsample_bam_lib002_20.err'
Activating singularity image /home/jeszyman/sing_containers/biotools.sif
[Tue Jun  7 09:42:40 2022]
Finished job 15.
6 of 28 steps (21%) done
Resources before job selection: {'_cores': 1, '_nodes': 9223372036854775804}
Ready jobs (6):
	align
	fastqc
	fastqc
	alignment_qc
	alignment_qc
	alignment_processing
Select jobs to execute...
Selected jobs (1):
	alignment_processing
Resources after job selection: {'_cores': 0, '_nodes': 9223372036854775803}

[Tue Jun  7 09:42:40 2022]
rule alignment_processing:
    input: test/bam/lib003.sam
    output: test/bam/lib003_raw.bam, test/bam/lib003_dedup_unsort.bam, test/bam/lib003_dedup.bam, test/bam/lib003_dedup.bam.bai
    log: test/logs/alignment_processing_lib003.log
    jobid: 27
    wildcards: read_id=lib003
    resources: tmpdir=/tmp


        sambamba view -t 4 -S -f bam test/bam/lib003.sam > test/bam/lib003_raw.bam
        sambamba markdup -r -t 4 test/bam/lib003_raw.bam test/bam/lib003_dedup_unsort.bam
        sambamba sort -t 4 test/bam/lib003_dedup_unsort.bam -o test/bam/lib003_dedup.bam
        sambamba index -t 4 test/bam/lib003_dedup.bam
        
 singularity  exec --home /home/jeszyman/repos/cfdna-wgs --bind /home/jeszyman:/home/jeszyman --bind /mnt:/mnt /home/jeszyman/sing_containers/biotools.sif bash -c 'set -euo pipefail;  
        sambamba view -t 4 -S -f bam test/bam/lib003.sam > test/bam/lib003_raw.bam
        sambamba markdup -r -t 4 test/bam/lib003_raw.bam test/bam/lib003_dedup_unsort.bam
        sambamba sort -t 4 test/bam/lib003_dedup_unsort.bam -o test/bam/lib003_dedup.bam
        sambamba index -t 4 test/bam/lib003_dedup.bam'
Activating singularity image /home/jeszyman/sing_containers/biotools.sif
[Tue Jun  7 09:42:40 2022]
Finished job 44.
7 of 28 steps (25%) done
Resources before job selection: {'_cores': 1, '_nodes': 9223372036854775804}
Ready jobs (5):
	align
	fastqc
	fastqc
	alignment_qc
	alignment_qc
Select jobs to execute...
Selected jobs (1):
	alignment_qc
Resources after job selection: {'_cores': 0, '_nodes': 9223372036854775803}

[Tue Jun  7 09:42:40 2022]
rule alignment_qc:
    input: test/bam/lib002_dedup.bam
    output: test/qc/lib002_dedup_samstats.txt, test/qc/lib002_dedup_flagstat.txt
    log: test/logs/alignment_qc_lib002_dedup.err
    jobid: 35
    wildcards: read_id=lib002, bam_step=dedup
    resources: tmpdir=/tmp


        samtools stats test/bam/lib002_dedup.bam > test/qc/lib002_dedup_samstats.txt 2>test/logs/alignment_qc_lib002_dedup.err
        samtools flagstat test/bam/lib002_dedup.bam > test/qc/lib002_dedup_flagstat.txt 2>>test/logs/alignment_qc_lib002_dedup.err
        
 singularity  exec --home /home/jeszyman/repos/cfdna-wgs --bind /home/jeszyman:/home/jeszyman --bind /mnt:/mnt /home/jeszyman/sing_containers/biotools.sif bash -c 'set -euo pipefail;  
        samtools stats test/bam/lib002_dedup.bam > test/qc/lib002_dedup_samstats.txt 2>test/logs/alignment_qc_lib002_dedup.err
        samtools flagstat test/bam/lib002_dedup.bam > test/qc/lib002_dedup_flagstat.txt 2>>test/logs/alignment_qc_lib002_dedup.err'
Activating singularity image /home/jeszyman/sing_containers/biotools.sif
[Tue Jun  7 09:42:41 2022]
Finished job 35.
8 of 28 steps (29%) done
Resources before job selection: {'_cores': 1, '_nodes': 9223372036854775804}
Ready jobs (4):
	align
	fastqc
	fastqc
	alignment_qc
Select jobs to execute...
Selected jobs (1):
	alignment_qc
Resources after job selection: {'_cores': 0, '_nodes': 9223372036854775803}

[Tue Jun  7 09:42:41 2022]
rule alignment_qc:
    input: test/bam/lib004_raw.bam
    output: test/qc/lib004_raw_samstats.txt, test/qc/lib004_raw_flagstat.txt
    log: test/logs/alignment_qc_lib004_raw.err
    jobid: 40
    wildcards: read_id=lib004, bam_step=raw
    resources: tmpdir=/tmp


        samtools stats test/bam/lib004_raw.bam > test/qc/lib004_raw_samstats.txt 2>test/logs/alignment_qc_lib004_raw.err
        samtools flagstat test/bam/lib004_raw.bam > test/qc/lib004_raw_flagstat.txt 2>>test/logs/alignment_qc_lib004_raw.err
        
 singularity  exec --home /home/jeszyman/repos/cfdna-wgs --bind /home/jeszyman:/home/jeszyman --bind /mnt:/mnt /home/jeszyman/sing_containers/biotools.sif bash -c 'set -euo pipefail;  
        samtools stats test/bam/lib004_raw.bam > test/qc/lib004_raw_samstats.txt 2>test/logs/alignment_qc_lib004_raw.err
        samtools flagstat test/bam/lib004_raw.bam > test/qc/lib004_raw_flagstat.txt 2>>test/logs/alignment_qc_lib004_raw.err'
Activating singularity image /home/jeszyman/sing_containers/biotools.sif
[Tue Jun  7 09:42:41 2022]
Finished job 40.
9 of 28 steps (32%) done
Resources before job selection: {'_cores': 1, '_nodes': 9223372036854775804}
Ready jobs (3):
	align
	fastqc
	fastqc
Select jobs to execute...
Selected jobs (1):
	fastqc
Resources after job selection: {'_cores': 0, '_nodes': 9223372036854775803}

[Tue Jun  7 09:42:41 2022]
rule fastqc:
    input: test/fastq/raw/lib001_R1.fastq.gz, test/fastq/processed/lib001_proc_R1.fastq.gz
    output: test/qc/lib001_R1_fastqc.html, test/qc/lib001_proc_R1_fastqc.html
    log: test/logs/fastqc_raw_lib001_R1.log, test/logs/fastqc_proc_lib001_R1.log
    jobid: 17
    wildcards: read_id=lib001, read=R1
    resources: tmpdir=/tmp


        fastqc --outdir test/qc         --quiet         --threads 4 test/fastq/raw/lib001_R1.fastq.gz &> test/logs/fastqc_raw_lib001_R1.log test/logs/fastqc_proc_lib001_R1.log
        fastqc --outdir test/qc         --quiet         --threads 4 test/fastq/processed/lib001_proc_R1.fastq.gz &> test/logs/fastqc_raw_lib001_R1.log test/logs/fastqc_proc_lib001_R1.log
        
 singularity  exec --home /home/jeszyman/repos/cfdna-wgs --bind /home/jeszyman:/home/jeszyman --bind /mnt:/mnt /home/jeszyman/sing_containers/biotools.sif bash -c 'set -euo pipefail;  
        fastqc --outdir test/qc         --quiet         --threads 4 test/fastq/raw/lib001_R1.fastq.gz &> test/logs/fastqc_raw_lib001_R1.log test/logs/fastqc_proc_lib001_R1.log
        fastqc --outdir test/qc         --quiet         --threads 4 test/fastq/processed/lib001_proc_R1.fastq.gz &> test/logs/fastqc_raw_lib001_R1.log test/logs/fastqc_proc_lib001_R1.log'
Activating singularity image /home/jeszyman/sing_containers/biotools.sif
Removing temporary output file test/bam/lib003_dedup_unsort.bam.
[Tue Jun  7 09:42:42 2022]
Finished job 27.
10 of 28 steps (36%) done
Resources before job selection: {'_cores': 1, '_nodes': 9223372036854775804}
Ready jobs (7):
	alignment_qc
	fastqc
	downsample_bams
	alignment_qc
	align
	picard_collect_wgs_metrics
	downsample_bams
Select jobs to execute...
Selected jobs (1):
	downsample_bams
Resources after job selection: {'_cores': 0, '_nodes': 9223372036854775803}

[Tue Jun  7 09:42:42 2022]
rule downsample_bams:
    input: test/bam/lib003_dedup.bam
    output: test/bam/lib003_ds10.bam
    log: test/logs/downsample_bam_lib003_10.err
    jobid: 45
    wildcards: read_id=lib003, milreads=10
    resources: tmpdir=/tmp


        workflow/scripts/downsample_bam.sh test/bam/lib003_dedup.bam 10000000 test/bam/lib003_ds10.bam 2>test/logs/downsample_bam_lib003_10.err
        
 singularity  exec --home /home/jeszyman/repos/cfdna-wgs --bind /home/jeszyman:/home/jeszyman --bind /mnt:/mnt /home/jeszyman/sing_containers/biotools.sif bash -c 'set -euo pipefail;  
        workflow/scripts/downsample_bam.sh test/bam/lib003_dedup.bam 10000000 test/bam/lib003_ds10.bam 2>test/logs/downsample_bam_lib003_10.err'
Activating singularity image /home/jeszyman/sing_containers/biotools.sif
[Tue Jun  7 09:42:42 2022]
Finished job 45.
11 of 28 steps (39%) done
Resources before job selection: {'_cores': 1, '_nodes': 9223372036854775804}
Ready jobs (6):
	alignment_qc
	fastqc
	downsample_bams
	alignment_qc
	align
	picard_collect_wgs_metrics
Select jobs to execute...
Selected jobs (1):
	picard_collect_wgs_metrics
Resources after job selection: {'_cores': 0, '_nodes': 9223372036854775803}

[Tue Jun  7 09:42:42 2022]
rule picard_collect_wgs_metrics:
    input: test/bam/lib003_dedup.bam
    output: test/qc/lib003_collect_wgs_metrics.txt
    jobid: 31
    wildcards: library_id=lib003
    resources: tmpdir=/tmp


        workflow/scripts/CollectWgsMetrics_wrapper.sh test/bam/lib003_dedup.bam test/inputs/chr8.fa test/qc/lib003_collect_wgs_metrics.txt
        
 singularity  exec --home /home/jeszyman/repos/cfdna-wgs --bind /home/jeszyman:/home/jeszyman --bind /mnt:/mnt /home/jeszyman/sing_containers/biotools.sif bash -c 'set -euo pipefail;  
        workflow/scripts/CollectWgsMetrics_wrapper.sh test/bam/lib003_dedup.bam test/inputs/chr8.fa test/qc/lib003_collect_wgs_metrics.txt'
Activating singularity image /home/jeszyman/sing_containers/biotools.sif
[Tue Jun  7 09:42:47 2022]
Finished job 17.
12 of 28 steps (43%) done
Resources before job selection: {'_cores': 1, '_nodes': 9223372036854775804}
Ready jobs (5):
	alignment_qc
	fastqc
	downsample_bams
	alignment_qc
	align
Select jobs to execute...
Selected jobs (1):
	align
Resources after job selection: {'_cores': 0, '_nodes': 9223372036854775803}

[Tue Jun  7 09:42:47 2022]
rule align:
    input: test/fastq/processed/lib001_proc_R1.fastq.gz, test/fastq/processed/lib001_proc_R2.fastq.gz
    output: test/bam/lib001.sam
    log: test/logs/align_lib001.log
    jobid: 13
    wildcards: read_id=lib001
    resources: tmpdir=/tmp


        bwa mem -M -t 4 test/inputs/chr8 test/fastq/processed/lib001_proc_R1.fastq.gz test/fastq/processed/lib001_proc_R2.fastq.gz > test/bam/lib001.sam
	
 singularity  exec --home /home/jeszyman/repos/cfdna-wgs --bind /home/jeszyman:/home/jeszyman --bind /mnt:/mnt /home/jeszyman/sing_containers/biotools.sif bash -c 'set -euo pipefail;  
        bwa mem -M -t 4 test/inputs/chr8 test/fastq/processed/lib001_proc_R1.fastq.gz test/fastq/processed/lib001_proc_R2.fastq.gz > test/bam/lib001.sam'
Activating singularity image /home/jeszyman/sing_containers/biotools.sif
[Tue Jun  7 09:42:48 2022]
Finished job 13.
13 of 28 steps (46%) done
Resources before job selection: {'_cores': 1, '_nodes': 9223372036854775804}
Ready jobs (5):
	alignment_qc
	fastqc
	downsample_bams
	alignment_qc
	alignment_processing
Select jobs to execute...
Selected jobs (1):
	alignment_processing
Resources after job selection: {'_cores': 0, '_nodes': 9223372036854775803}

[Tue Jun  7 09:42:48 2022]
rule alignment_processing:
    input: test/bam/lib001.sam
    output: test/bam/lib001_raw.bam, test/bam/lib001_dedup_unsort.bam, test/bam/lib001_dedup.bam, test/bam/lib001_dedup.bam.bai
    log: test/logs/alignment_processing_lib001.log
    jobid: 25
    wildcards: read_id=lib001
    resources: tmpdir=/tmp


        sambamba view -t 4 -S -f bam test/bam/lib001.sam > test/bam/lib001_raw.bam
        sambamba markdup -r -t 4 test/bam/lib001_raw.bam test/bam/lib001_dedup_unsort.bam
        sambamba sort -t 4 test/bam/lib001_dedup_unsort.bam -o test/bam/lib001_dedup.bam
        sambamba index -t 4 test/bam/lib001_dedup.bam
        
 singularity  exec --home /home/jeszyman/repos/cfdna-wgs --bind /home/jeszyman:/home/jeszyman --bind /mnt:/mnt /home/jeszyman/sing_containers/biotools.sif bash -c 'set -euo pipefail;  
        sambamba view -t 4 -S -f bam test/bam/lib001.sam > test/bam/lib001_raw.bam
        sambamba markdup -r -t 4 test/bam/lib001_raw.bam test/bam/lib001_dedup_unsort.bam
        sambamba sort -t 4 test/bam/lib001_dedup_unsort.bam -o test/bam/lib001_dedup.bam
        sambamba index -t 4 test/bam/lib001_dedup.bam'
Activating singularity image /home/jeszyman/sing_containers/biotools.sif
Removing temporary output file test/bam/lib001_dedup_unsort.bam.
[Tue Jun  7 09:42:50 2022]
Finished job 25.
14 of 28 steps (50%) done
Resources before job selection: {'_cores': 1, '_nodes': 9223372036854775804}
Ready jobs (9):
	alignment_qc
	alignment_qc
	fastqc
	downsample_bams
	alignment_qc
	picard_collect_wgs_metrics
	downsample_bams
	alignment_qc
	downsample_bams
Select jobs to execute...
Selected jobs (1):
	downsample_bams
Resources after job selection: {'_cores': 0, '_nodes': 9223372036854775803}

[Tue Jun  7 09:42:50 2022]
rule downsample_bams:
    input: test/bam/lib001_dedup.bam
    output: test/bam/lib001_ds10.bam
    log: test/logs/downsample_bam_lib001_10.err
    jobid: 41
    wildcards: read_id=lib001, milreads=10
    resources: tmpdir=/tmp


        workflow/scripts/downsample_bam.sh test/bam/lib001_dedup.bam 10000000 test/bam/lib001_ds10.bam 2>test/logs/downsample_bam_lib001_10.err
        
 singularity  exec --home /home/jeszyman/repos/cfdna-wgs --bind /home/jeszyman:/home/jeszyman --bind /mnt:/mnt /home/jeszyman/sing_containers/biotools.sif bash -c 'set -euo pipefail;  
        workflow/scripts/downsample_bam.sh test/bam/lib001_dedup.bam 10000000 test/bam/lib001_ds10.bam 2>test/logs/downsample_bam_lib001_10.err'
Activating singularity image /home/jeszyman/sing_containers/biotools.sif
[Tue Jun  7 09:42:50 2022]
Finished job 41.
15 of 28 steps (54%) done
Resources before job selection: {'_cores': 1, '_nodes': 9223372036854775804}
Ready jobs (8):
	alignment_qc
	alignment_qc
	fastqc
	downsample_bams
	alignment_qc
	picard_collect_wgs_metrics
	downsample_bams
	alignment_qc
Select jobs to execute...
Selected jobs (1):
	alignment_qc
Resources after job selection: {'_cores': 0, '_nodes': 9223372036854775803}

[Tue Jun  7 09:42:50 2022]
rule alignment_qc:
    input: test/bam/lib001_raw.bam
    output: test/qc/lib001_raw_samstats.txt, test/qc/lib001_raw_flagstat.txt
    log: test/logs/alignment_qc_lib001_raw.err
    jobid: 34
    wildcards: read_id=lib001, bam_step=raw
    resources: tmpdir=/tmp


        samtools stats test/bam/lib001_raw.bam > test/qc/lib001_raw_samstats.txt 2>test/logs/alignment_qc_lib001_raw.err
        samtools flagstat test/bam/lib001_raw.bam > test/qc/lib001_raw_flagstat.txt 2>>test/logs/alignment_qc_lib001_raw.err
        
 singularity  exec --home /home/jeszyman/repos/cfdna-wgs --bind /home/jeszyman:/home/jeszyman --bind /mnt:/mnt /home/jeszyman/sing_containers/biotools.sif bash -c 'set -euo pipefail;  
        samtools stats test/bam/lib001_raw.bam > test/qc/lib001_raw_samstats.txt 2>test/logs/alignment_qc_lib001_raw.err
        samtools flagstat test/bam/lib001_raw.bam > test/qc/lib001_raw_flagstat.txt 2>>test/logs/alignment_qc_lib001_raw.err'
Activating singularity image /home/jeszyman/sing_containers/biotools.sif
[Tue Jun  7 09:42:50 2022]
Finished job 34.
16 of 28 steps (57%) done
Resources before job selection: {'_cores': 1, '_nodes': 9223372036854775804}
Ready jobs (7):
	alignment_qc
	alignment_qc
	fastqc
	downsample_bams
	alignment_qc
	picard_collect_wgs_metrics
	downsample_bams
Select jobs to execute...
Selected jobs (1):
	downsample_bams
Resources after job selection: {'_cores': 0, '_nodes': 9223372036854775803}

[Tue Jun  7 09:42:50 2022]
rule downsample_bams:
    input: test/bam/lib001_dedup.bam
    output: test/bam/lib001_ds20.bam
    log: test/logs/downsample_bam_lib001_20.err
    jobid: 42
    wildcards: read_id=lib001, milreads=20
    resources: tmpdir=/tmp


        workflow/scripts/downsample_bam.sh test/bam/lib001_dedup.bam 20000000 test/bam/lib001_ds20.bam 2>test/logs/downsample_bam_lib001_20.err
        
 singularity  exec --home /home/jeszyman/repos/cfdna-wgs --bind /home/jeszyman:/home/jeszyman --bind /mnt:/mnt /home/jeszyman/sing_containers/biotools.sif bash -c 'set -euo pipefail;  
        workflow/scripts/downsample_bam.sh test/bam/lib001_dedup.bam 20000000 test/bam/lib001_ds20.bam 2>test/logs/downsample_bam_lib001_20.err'
Activating singularity image /home/jeszyman/sing_containers/biotools.sif
[Tue Jun  7 09:42:50 2022]
Finished job 42.
17 of 28 steps (61%) done
Resources before job selection: {'_cores': 1, '_nodes': 9223372036854775804}
Ready jobs (6):
	alignment_qc
	alignment_qc
	fastqc
	downsample_bams
	alignment_qc
	picard_collect_wgs_metrics
Select jobs to execute...
Selected jobs (1):
	picard_collect_wgs_metrics
Resources after job selection: {'_cores': 0, '_nodes': 9223372036854775803}

[Tue Jun  7 09:42:51 2022]
rule picard_collect_wgs_metrics:
    input: test/bam/lib001_dedup.bam
    output: test/qc/lib001_collect_wgs_metrics.txt
    jobid: 29
    wildcards: library_id=lib001
    resources: tmpdir=/tmp


        workflow/scripts/CollectWgsMetrics_wrapper.sh test/bam/lib001_dedup.bam test/inputs/chr8.fa test/qc/lib001_collect_wgs_metrics.txt
        
 singularity  exec --home /home/jeszyman/repos/cfdna-wgs --bind /home/jeszyman:/home/jeszyman --bind /mnt:/mnt /home/jeszyman/sing_containers/biotools.sif bash -c 'set -euo pipefail;  
        workflow/scripts/CollectWgsMetrics_wrapper.sh test/bam/lib001_dedup.bam test/inputs/chr8.fa test/qc/lib001_collect_wgs_metrics.txt'
Activating singularity image /home/jeszyman/sing_containers/biotools.sif
Waiting at most 5 seconds for missing files.
Full Traceback (most recent call last):
  File "/opt/miniconda3/envs/snakemake/lib/python3.10/site-packages/snakemake/dag.py", line 493, in check_and_touch_output
    wait_for_files(
  File "/opt/miniconda3/envs/snakemake/lib/python3.10/site-packages/snakemake/io.py", line 825, in wait_for_files
    raise IOError(
OSError: Missing files after 5 seconds:
test/qc/lib004_collect_wgs_metrics.txt

During handling of the above exception, another exception occurred:

Traceback (most recent call last):
  File "/opt/miniconda3/envs/snakemake/lib/python3.10/site-packages/snakemake/scheduler.py", line 529, in _finish_jobs
    self.get_executor(job).handle_job_success(job)
  File "/opt/miniconda3/envs/snakemake/lib/python3.10/site-packages/snakemake/executors/__init__.py", line 608, in handle_job_success
    super().handle_job_success(job)
  File "/opt/miniconda3/envs/snakemake/lib/python3.10/site-packages/snakemake/executors/__init__.py", line 265, in handle_job_success
    job.postprocess(
  File "/opt/miniconda3/envs/snakemake/lib/python3.10/site-packages/snakemake/jobs.py", line 1011, in postprocess
    self.dag.check_and_touch_output(
  File "/opt/miniconda3/envs/snakemake/lib/python3.10/site-packages/snakemake/dag.py", line 500, in check_and_touch_output
    raise MissingOutputException(
snakemake.exceptions.MissingOutputException: Job Missing files after 5 seconds:
test/qc/lib004_collect_wgs_metrics.txt
This might be due to filesystem latency. If that is the case, consider to increase the wait time with --latency-wait.
Job id: 32 completed successfully, but some output files are missing. 32

MissingOutputException in line 223 of /home/jeszyman/repos/cfdna-wgs/workflow/read_preprocess.smk:
Job Missing files after 5 seconds:
test/qc/lib004_collect_wgs_metrics.txt
This might be due to filesystem latency. If that is the case, consider to increase the wait time with --latency-wait.
Job id: 32 completed successfully, but some output files are missing. 32
Waiting at most 5 seconds for missing files.
Full Traceback (most recent call last):
  File "/opt/miniconda3/envs/snakemake/lib/python3.10/site-packages/snakemake/dag.py", line 493, in check_and_touch_output
    wait_for_files(
  File "/opt/miniconda3/envs/snakemake/lib/python3.10/site-packages/snakemake/io.py", line 825, in wait_for_files
    raise IOError(
OSError: Missing files after 5 seconds:
test/qc/lib004_collect_wgs_metrics.txt

During handling of the above exception, another exception occurred:

Traceback (most recent call last):
  File "/opt/miniconda3/envs/snakemake/lib/python3.10/site-packages/snakemake/scheduler.py", line 529, in _finish_jobs
    self.get_executor(job).handle_job_success(job)
  File "/opt/miniconda3/envs/snakemake/lib/python3.10/site-packages/snakemake/executors/__init__.py", line 608, in handle_job_success
    super().handle_job_success(job)
  File "/opt/miniconda3/envs/snakemake/lib/python3.10/site-packages/snakemake/executors/__init__.py", line 265, in handle_job_success
    job.postprocess(
  File "/opt/miniconda3/envs/snakemake/lib/python3.10/site-packages/snakemake/jobs.py", line 1011, in postprocess
    self.dag.check_and_touch_output(
  File "/opt/miniconda3/envs/snakemake/lib/python3.10/site-packages/snakemake/dag.py", line 500, in check_and_touch_output
    raise MissingOutputException(
snakemake.exceptions.MissingOutputException: Job Missing files after 5 seconds:
test/qc/lib004_collect_wgs_metrics.txt
This might be due to filesystem latency. If that is the case, consider to increase the wait time with --latency-wait.
Job id: 32 completed successfully, but some output files are missing. 32

MissingOutputException in line 223 of /home/jeszyman/repos/cfdna-wgs/workflow/read_preprocess.smk:
Job Missing files after 5 seconds:
test/qc/lib004_collect_wgs_metrics.txt
This might be due to filesystem latency. If that is the case, consider to increase the wait time with --latency-wait.
Job id: 32 completed successfully, but some output files are missing. 32
Full Traceback (most recent call last):
  File "/opt/miniconda3/envs/snakemake/lib/python3.10/site-packages/snakemake/dag.py", line 493, in check_and_touch_output
    wait_for_files(
  File "/opt/miniconda3/envs/snakemake/lib/python3.10/site-packages/snakemake/io.py", line 825, in wait_for_files
    raise IOError(
OSError: Missing files after 5 seconds:
test/qc/lib004_collect_wgs_metrics.txt

During handling of the above exception, another exception occurred:

Traceback (most recent call last):
  File "/opt/miniconda3/envs/snakemake/lib/python3.10/site-packages/snakemake/scheduler.py", line 529, in _finish_jobs
    self.get_executor(job).handle_job_success(job)
  File "/opt/miniconda3/envs/snakemake/lib/python3.10/site-packages/snakemake/executors/__init__.py", line 608, in handle_job_success
    super().handle_job_success(job)
  File "/opt/miniconda3/envs/snakemake/lib/python3.10/site-packages/snakemake/executors/__init__.py", line 265, in handle_job_success
    job.postprocess(
  File "/opt/miniconda3/envs/snakemake/lib/python3.10/site-packages/snakemake/jobs.py", line 1011, in postprocess
    self.dag.check_and_touch_output(
  File "/opt/miniconda3/envs/snakemake/lib/python3.10/site-packages/snakemake/dag.py", line 500, in check_and_touch_output
    raise MissingOutputException(
snakemake.exceptions.MissingOutputException: Job Missing files after 5 seconds:
test/qc/lib004_collect_wgs_metrics.txt
This might be due to filesystem latency. If that is the case, consider to increase the wait time with --latency-wait.
Job id: 32 completed successfully, but some output files are missing. 32

During handling of the above exception, another exception occurred:

Traceback (most recent call last):
  File "/opt/miniconda3/envs/snakemake/lib/python3.10/site-packages/snakemake/__init__.py", line 699, in snakemake
    success = workflow.execute(
  File "/opt/miniconda3/envs/snakemake/lib/python3.10/site-packages/snakemake/workflow.py", line 1069, in execute
    success = self.scheduler.schedule()
  File "/opt/miniconda3/envs/snakemake/lib/python3.10/site-packages/snakemake/scheduler.py", line 440, in schedule
    self._finish_jobs()
  File "/opt/miniconda3/envs/snakemake/lib/python3.10/site-packages/snakemake/scheduler.py", line 534, in _finish_jobs
    self._handle_error(job)
  File "/opt/miniconda3/envs/snakemake/lib/python3.10/site-packages/snakemake/scheduler.py", line 615, in _handle_error
    self.running.remove(job)
KeyError: picard_collect_wgs_metrics

unlocking
removing lock
removing lock
removed all locks
